Removed Pin From Net: NetName=GND Pin=J3-4
Removed Pin From Net: NetName=NetF13_2 Pin=J3-8
Removed Pin From Net: NetName=GND Pin=J4-4
Removed Pin From Net: NetName=NetF8_2 Pin=J4-8
Removed Pin From Net: NetName=GND Pin=J5-4
Removed Pin From Net: NetName=NetF9_2 Pin=J5-8
Removed Pin From Net: NetName=GND Pin=J6-4
Removed Pin From Net: NetName=NetF10_2 Pin=J6-8
Change Footprint: Footprint Not Found SOT_26DBZR_TEX
Change Comment: Unknown Component : J3
Change Comment: Unknown Component : J4
Change Comment: Unknown Component : J5
Change Comment: Unknown Component : J6
Change component parameters: Component "J3" not found
Change component parameters: Component "J4" not found
Change component parameters: Component "J5" not found
Change component parameters: Component "J6" not found
Add Pin To Net: Unknown Pin: Pin J3-1
Add Pin To Net: Unknown Pin: Pin J3-2
Add Pin To Net: Unknown Pin: Pin J4-1
Add Pin To Net: Unknown Pin: Pin J4-2
Add Pin To Net: Unknown Pin: Pin J5-1
Add Pin To Net: Unknown Pin: Pin J5-2
Add Pin To Net: Unknown Pin: Pin J6-1
Add Pin To Net: Unknown Pin: Pin J6-2
