Removed Pin From Net: NetName=NetF13_2 Pin=J3-1
Removed Pin From Net: NetName=GND Pin=J3-2
Removed Pin From Net: NetName=NetF8_2 Pin=J4-1
Removed Pin From Net: NetName=GND Pin=J4-2
Removed Pin From Net: NetName=NetF9_2 Pin=J5-1
Removed Pin From Net: NetName=GND Pin=J5-2
Removed Pin From Net: NetName=NetF10_2 Pin=J6-1
Removed Pin From Net: NetName=GND Pin=J6-2
Change Footprint: Footprint Not Found SOT_26DBZR_TEX
Change Comment: Unknown Component : J3
Change Comment: Unknown Component : J4
Change Comment: Unknown Component : J5
Change Comment: Unknown Component : J6
Add Pin To Net: Unknown Pin: Pin J3-11
Add Pin To Net: Unknown Pin: Pin J3-12
Add Pin To Net: Unknown Pin: Pin J3-21
Add Pin To Net: Unknown Pin: Pin J3-22
Add Pin To Net: Unknown Pin: Pin J4-11
Add Pin To Net: Unknown Pin: Pin J4-12
Add Pin To Net: Unknown Pin: Pin J4-21
Add Pin To Net: Unknown Pin: Pin J4-22
Add Pin To Net: Unknown Pin: Pin J5-11
Add Pin To Net: Unknown Pin: Pin J5-12
Add Pin To Net: Unknown Pin: Pin J5-21
Add Pin To Net: Unknown Pin: Pin J5-22
Add Pin To Net: Unknown Pin: Pin J6-11
Add Pin To Net: Unknown Pin: Pin J6-12
Add Pin To Net: Unknown Pin: Pin J6-21
Add Pin To Net: Unknown Pin: Pin J6-22
