Removed Pin From Net: NetName=GND Pin=J8-4
Removed Pin From Net: NetName=NetF3_2 Pin=J8-8
Removed Pin From Net: NetName=GND Pin=J9-4
Removed Pin From Net: NetName=NetF4_2 Pin=J9-8
Change Component Footprint: Designator=J8 Old Footprint=CONN_39920-0302_MOL New Footprint=FP-B2P-VH-FB-B_LF_SN-MFG
Change Component Footprint: Designator=J9 Old Footprint=CONN_39920-0302_MOL New Footprint=FP-B2P-VH-FB-B_LF_SN-MFG
Change Footprint: Footprint Not Found SOT_26DBZR_TEX
Change Component Comment : Designator=J8 Old Comment=399200302 New Comment=B2P-VH-FB-B(LF)(SN)
Change Component Comment : Designator=J9 Old Comment=399200302 New Comment=B2P-VH-FB-B(LF)(SN)
Change Component Designator: OldDesignator=Jlog NewDesignator=J?
Change Managed Component Library Link : Designator=J8 Old VaultGUID= New VaultGUID=B7D15EC3-160A-466F-A46C-7801FE6295A7 Old ItemGUID= New ItemGUID=292E7AF8-1762-4723-B980-D3BE97E63193 Old RevisionGUID= New RevisionGUID=2756B31C-38ED-49A3-AF4C-4328C2B2A100
Change Managed Component Library Link : Designator=J9 Old VaultGUID= New VaultGUID=B7D15EC3-160A-466F-A46C-7801FE6295A7 Old ItemGUID= New ItemGUID=292E7AF8-1762-4723-B980-D3BE97E63193 Old RevisionGUID= New RevisionGUID=2756B31C-38ED-49A3-AF4C-4328C2B2A100
Change component parameters: Designator = "J8" ("J8"); Footprint = "CONN_39920-0302_MOL"; UniqueID = "\KTVPJONT" ("\KTVPJONT")
Change component parameters (AddParameter): Name = "Color"; Value = "Natural"; VariantName = "[No Variations]"
Change component parameters (AddParameter): Name = "Connector Type"; Value = "Male Pin"; VariantName = "[No Variations]"
Change component parameters (AddParameter): Name = "Contact Plating"; Value = "Tin"; VariantName = "[No Variations]"
Change component parameters (AddParameter): Name = "Contact Type"; Value = "Male Pin"; VariantName = "[No Variations]"
Change component parameters (AddParameter): Name = "Fastening Type"; Value = "Ramp"; VariantName = "[No Variations]"
Change component parameters (AddParameter): Name = "Lead Free"; Value = "Lead Free"; VariantName = "[No Variations]"
Change component parameters (AddParameter): Name = "Mount"; Value = "Through Hole"; VariantName = "[No Variations]"
Change component parameters (AddParameter): Name = "Number of Positions"; Value = "2"; VariantName = "[No Variations]"
Change component parameters (AddParameter): Name = "Number of Rows"; Value = "1"; VariantName = "[No Variations]"
Change component parameters (AddParameter): Name = "Package Quantity"; Value = "250"; VariantName = "[No Variations]"
Change component parameters (AddParameter): Name = "Packaging"; Value = "Bulk"; VariantName = "[No Variations]"
Change component parameters (AddParameter): Name = "Pitch"; Value = "0.156inch"; VariantName = "[No Variations]"
Change component parameters (AddParameter): Name = "Series"; Value = "VH"; VariantName = "[No Variations]"
Change component parameters (AddParameter): Name = "Termination"; Value = "Solder"; VariantName = "[No Variations]"
Change component parameters: Designator = "J9" ("J9"); Footprint = "CONN_39920-0302_MOL"; UniqueID = "\USFIYJCR" ("\USFIYJCR")
Change component parameters (AddParameter): Name = "Color"; Value = "Natural"; VariantName = "[No Variations]"
Change component parameters (AddParameter): Name = "Connector Type"; Value = "Male Pin"; VariantName = "[No Variations]"
Change component parameters (AddParameter): Name = "Contact Plating"; Value = "Tin"; VariantName = "[No Variations]"
Change component parameters (AddParameter): Name = "Contact Type"; Value = "Male Pin"; VariantName = "[No Variations]"
Change component parameters (AddParameter): Name = "Fastening Type"; Value = "Ramp"; VariantName = "[No Variations]"
Change component parameters (AddParameter): Name = "Lead Free"; Value = "Lead Free"; VariantName = "[No Variations]"
Change component parameters (AddParameter): Name = "Mount"; Value = "Through Hole"; VariantName = "[No Variations]"
Change component parameters (AddParameter): Name = "Number of Positions"; Value = "2"; VariantName = "[No Variations]"
Change component parameters (AddParameter): Name = "Number of Rows"; Value = "1"; VariantName = "[No Variations]"
Change component parameters (AddParameter): Name = "Package Quantity"; Value = "250"; VariantName = "[No Variations]"
Change component parameters (AddParameter): Name = "Packaging"; Value = "Bulk"; VariantName = "[No Variations]"
Change component parameters (AddParameter): Name = "Pitch"; Value = "0.156inch"; VariantName = "[No Variations]"
Change component parameters (AddParameter): Name = "Series"; Value = "VH"; VariantName = "[No Variations]"
Change component parameters (AddParameter): Name = "Termination"; Value = "Solder"; VariantName = "[No Variations]"
Added Pin To Net: NetName=NetF3_2 Pin=J8-1
Added Pin To Net: NetName=GND Pin=J8-2
Added Pin To Net: NetName=NetF4_2 Pin=J9-1
Added Pin To Net: NetName=GND Pin=J9-2
