Removed Pin From Net: NetName=GND Pin=C29-2
Removed Pin From Net: NetName=GND Pin=C32-1
Removed Pin From Net: NetName=GND Pin=C33-1
Removed Pin From Net: NetName=GND Pin=C34-1
Removed Pin From Net: NetName=GND Pin=C35-1
Removed Pin From Net: NetName=GND Pin=Ccap-2
Removed Pin From Net: NetName=GND Pin=Cmic2-2
Removed Pin From Net: NetName=GND Pin=Cmic-1
Removed Pin From Net: NetName=GND Pin=Crst-1
Removed Pin From Net: NetName=GND Pin=J12-3
Removed Pin From Net: NetName=GND Pin=J13-3
Removed Pin From Net: NetName=GND Pin=J14-3
Removed Pin From Net: NetName=GND Pin=J15-7
Removed Pin From Net: NetName=GND Pin=J15-8
Removed Pin From Net: NetName=GND Pin=J16-3
Removed Pin From Net: NetName=GND Pin=J17-2
Removed Pin From Net: NetName=GND Pin=J17-7
Removed Pin From Net: NetName=GND Pin=J17-8
Removed Pin From Net: NetName=GND Pin=Jprog-3
Removed Pin From Net: NetName=GND Pin=Jprog-6
Removed Pin From Net: NetName=GND Pin=R2_pd-2
Removed Pin From Net: NetName=GND Pin=R3_pd-2
Removed Pin From Net: NetName=GND Pin=R4_pd-2
Removed Pin From Net: NetName=GND Pin=R5_pd-2
Removed Pin From Net: NetName=GND Pin=R6_pd-2
Removed Pin From Net: NetName=GND Pin=R7_pd-2
Removed Pin From Net: NetName=GND Pin=R8_pd-2
Removed Pin From Net: NetName=GND Pin=R9_pd-2
Removed Pin From Net: NetName=GND Pin=R_pd-2
Removed Pin From Net: NetName=GND Pin=Rboot-2
Removed Pin From Net: NetName=GND Pin=SW3-1
Removed Pin From Net: NetName=GND Pin=SW3-2
Removed Pin From Net: NetName=GND Pin=Um1-12
Removed Pin From Net: NetName=GND Pin=Um1-18
Removed Pin From Net: NetName=GND Pin=Um1-31
Removed Pin From Net: NetName=GND Pin=Um1-47
Removed Pin From Net: NetName=GND Pin=Um1-63
Removed Pin From Net: NetName=GND Pin=Usup-1
Change Footprint: Footprint Not Found SOT_26DBZR_TEX
Added Pin To Net: NetName=DGND Pin=C29-2
Added Pin To Net: NetName=DGND Pin=C32-1
Added Pin To Net: NetName=DGND Pin=C33-1
Added Pin To Net: NetName=DGND Pin=C34-1
Added Pin To Net: NetName=DGND Pin=C35-1
Added Pin To Net: NetName=DGND Pin=Ccap-2
Added Pin To Net: NetName=DGND Pin=Cmic-1
Added Pin To Net: NetName=DGND Pin=Cmic2-2
Added Pin To Net: NetName=DGND Pin=Crst-1
Added Pin To Net: NetName=DGND Pin=J12-3
Added Pin To Net: NetName=DGND Pin=J13-3
Added Pin To Net: NetName=DGND Pin=J14-3
Added Pin To Net: NetName=DGND Pin=J15-7
Added Pin To Net: NetName=DGND Pin=J15-8
Added Pin To Net: NetName=DGND Pin=J16-3
Added Pin To Net: NetName=DGND Pin=J17-2
Added Pin To Net: NetName=DGND Pin=J17-7
Added Pin To Net: NetName=DGND Pin=J17-8
Added Pin To Net: NetName=DGND Pin=Jprog-3
Added Pin To Net: NetName=DGND Pin=Jprog-6
Added Pin To Net: NetName=DGND Pin=R2_pd-2
Added Pin To Net: NetName=DGND Pin=R3_pd-2
Added Pin To Net: NetName=DGND Pin=R4_pd-2
Added Pin To Net: NetName=DGND Pin=R5_pd-2
Added Pin To Net: NetName=DGND Pin=R6_pd-2
Added Pin To Net: NetName=DGND Pin=R7_pd-2
Added Pin To Net: NetName=DGND Pin=R8_pd-2
Added Pin To Net: NetName=DGND Pin=R9_pd-2
Added Pin To Net: NetName=DGND Pin=R_pd-2
Added Pin To Net: NetName=DGND Pin=Rboot-2
Added Pin To Net: NetName=DGND Pin=SW3-1
Added Pin To Net: NetName=DGND Pin=SW3-2
Added Pin To Net: NetName=DGND Pin=Um1-12
Added Pin To Net: NetName=DGND Pin=Um1-18
Added Pin To Net: NetName=DGND Pin=Um1-31
Added Pin To Net: NetName=DGND Pin=Um1-47
Added Pin To Net: NetName=DGND Pin=Um1-63
Added Pin To Net: NetName=DGND Pin=Usup-1
Added Net: Name=DGND
Added Member To Class: ClassName=BuckConverters Member=Component U3.3 TLV271IDBVR
Added Rule: Name=Schematic Supply Nets_5
