Change Footprint: Footprint Not Found SOT_26DBZR_TEX
Added Component: Designator=J3(CON_428192233)
Add component (AddParameter): Name = "Mfr_Name"; Value = "Molex Connector Corporation"; VariantName = "[No Variations]"
Add component (AddParameter): Name = "RefDes"; Value = "RefDes"; VariantName = "[No Variations]"
Add component (AddParameter): Name = "Type"; Value = "Type"; VariantName = "[No Variations]"
Added Component: Designator=J4(CON_428192233)
Add component (AddParameter): Name = "Mfr_Name"; Value = "Molex Connector Corporation"; VariantName = "[No Variations]"
Add component (AddParameter): Name = "RefDes"; Value = "RefDes"; VariantName = "[No Variations]"
Add component (AddParameter): Name = "Type"; Value = "Type"; VariantName = "[No Variations]"
Added Component: Designator=J5(CON_428192233)
Add component (AddParameter): Name = "Mfr_Name"; Value = "Molex Connector Corporation"; VariantName = "[No Variations]"
Add component (AddParameter): Name = "RefDes"; Value = "RefDes"; VariantName = "[No Variations]"
Add component (AddParameter): Name = "Type"; Value = "Type"; VariantName = "[No Variations]"
Added Component: Designator=J6(CON_428192233)
Add component (AddParameter): Name = "Mfr_Name"; Value = "Molex Connector Corporation"; VariantName = "[No Variations]"
Add component (AddParameter): Name = "RefDes"; Value = "RefDes"; VariantName = "[No Variations]"
Add component (AddParameter): Name = "Type"; Value = "Type"; VariantName = "[No Variations]"
Added Pin To Net: NetName=NetF13_2 Pin=J3-11
Added Pin To Net: NetName=NetF13_2 Pin=J3-12
Added Pin To Net: NetName=GND Pin=J3-21
Added Pin To Net: NetName=GND Pin=J3-22
Added Pin To Net: NetName=NetF8_2 Pin=J4-11
Added Pin To Net: NetName=NetF8_2 Pin=J4-12
Added Pin To Net: NetName=GND Pin=J4-21
Added Pin To Net: NetName=GND Pin=J4-22
Added Pin To Net: NetName=NetF9_2 Pin=J5-11
Added Pin To Net: NetName=NetF9_2 Pin=J5-12
Added Pin To Net: NetName=GND Pin=J5-21
Added Pin To Net: NetName=GND Pin=J5-22
Added Pin To Net: NetName=NetF10_2 Pin=J6-11
Added Pin To Net: NetName=NetF10_2 Pin=J6-12
Added Pin To Net: NetName=GND Pin=J6-21
Added Pin To Net: NetName=GND Pin=J6-22
Added Member To Class: ClassName=BuckConverters Member=Component J3 428192233
Added Member To Class: ClassName=BuckConverters Member=Component J4 428192233
Added Member To Class: ClassName=BuckConverters Member=Component J5 428192233
Added Member To Class: ClassName=BuckConverters Member=Component J6 428192233
